{"level":"INFO","timestamp":"2019-03-07 14:29:23.144","file":"ch03/main.go:52","msg":"Start to listening the incoming requests on http address: :8081"}
{"level":"INFO","timestamp":"2019-03-07 14:29:23.145","file":"ch03/main.go:50","msg":"The router has been deployed successfully."}
{"level":"INFO","timestamp":"2019-03-07 14:30:34.260","file":"ch03/main.go:52","msg":"Start to listening the incoming requests on http address: :8081"}
{"level":"INFO","timestamp":"2019-03-07 14:30:34.261","file":"ch03/main.go:50","msg":"The router has been deployed successfully."}
{"level":"INFO","timestamp":"2019-03-08 16:10:34.874","file":"ch04/main.go:57","msg":"Start to listening the incoming requests on http address: :8081"}
{"level":"INFO","timestamp":"2019-03-08 16:10:34.875","file":"ch04/main.go:26","msg":"Waiting for the router, retry in 1 second."}
{"level":"INFO","timestamp":"2019-03-08 16:10:35.878","file":"ch04/main.go:55","msg":"The router has been deployed successfully."}
{"level":"INFO","timestamp":"2019-03-08 16:10:58.134","file":"ch04/main.go:57","msg":"Start to listening the incoming requests on http address: :8081"}
{"level":"INFO","timestamp":"2019-03-08 16:10:58.135","file":"ch04/main.go:55","msg":"The router has been deployed successfully."}
{"level":"INFO","timestamp":"2019-03-08 16:11:43.965","file":"ch04/main.go:57","msg":"Start to listening the incoming requests on http address: :8081"}
{"level":"INFO","timestamp":"2019-03-08 16:11:43.966","file":"ch04/main.go:55","msg":"The router has been deployed successfully."}
{"level":"INFO","timestamp":"2019-03-08 17:11:37.104","file":"ch05/main.go:57","msg":"Start to listening the incoming requests on http address: :8081"}
{"level":"INFO","timestamp":"2019-03-08 17:11:37.104","file":"ch05/main.go:26","msg":"Waiting for the router, retry in 1 second."}
{"level":"INFO","timestamp":"2019-03-08 17:11:38.107","file":"ch05/main.go:55","msg":"The router has been deployed successfully."}
{"level":"DEBUG","timestamp":"2019-03-08 17:19:35.835","file":"user/create.go:23","msg":"username is [admin], password is []"}
{"level":"INFO","timestamp":"2019-03-08 18:42:42.029","file":"ch06/main.go:57","msg":"Start to listening the incoming requests on http address: :8081"}
{"level":"INFO","timestamp":"2019-03-08 18:42:42.030","file":"ch06/main.go:26","msg":"Waiting for the router, retry in 1 second."}
{"level":"INFO","timestamp":"2019-03-08 18:42:43.032","file":"ch06/main.go:55","msg":"The router has been deployed successfully."}
{"level":"DEBUG","timestamp":"2019-03-08 18:42:52.705","file":"user/create.go:23","msg":"username is [admin], password is []"}
{"level":"DEBUG","timestamp":"2019-03-08 18:43:10.907","file":"user/create.go:23","msg":"username is [admin], password is [123456]"}
{"level":"ERROR","timestamp":"2019-03-18 14:24:20.094","file":"model/init.go:29","msg":"Database connection failed. Database name: go-rest-demo","data":{"error":"dial tcp 127.18.0.2:3306: connect: connection refused"}}
{"level":"INFO","timestamp":"2019-03-18 14:24:20.095","file":"ch06/main.go:57","msg":"Start to listening the incoming requests on http address: :8081"}
{"level":"INFO","timestamp":"2019-03-18 14:24:20.096","file":"ch06/main.go:55","msg":"The router has been deployed successfully."}
{"level":"ERROR","timestamp":"2019-03-18 14:28:56.747","file":"model/init.go:29","msg":"Database connection failed. Database name: go-rest-demo","data":{"error":"dial tcp 127.18.0.2:3306: connect: connection refused"}}
{"level":"INFO","timestamp":"2019-03-18 14:28:56.748","file":"ch06/main.go:57","msg":"Start to listening the incoming requests on http address: :8081"}
{"level":"INFO","timestamp":"2019-03-18 14:28:56.748","file":"ch06/main.go:55","msg":"The router has been deployed successfully."}
{"level":"DEBUG","timestamp":"2019-03-18 14:29:04.654","file":"user/create.go:23","msg":"username is [admin], password is [123456]"}
{"level":"ERROR","timestamp":"2019-03-18 14:29:50.492","file":"model/init.go:29","msg":"Database connection failed. Database name: go-rest-demo","data":{"error":"dial tcp 127.18.0.2:3306: connect: connection refused"}}
{"level":"INFO","timestamp":"2019-03-18 14:29:50.492","file":"ch06/main.go:57","msg":"Start to listening the incoming requests on http address: :8081"}
{"level":"INFO","timestamp":"2019-03-18 14:29:50.492","file":"ch06/main.go:55","msg":"The router has been deployed successfully."}
