{"level":"INFO","timestamp":"2019-03-07 14:29:23.144","file":"ch03/main.go:52","msg":"Start to listening the incoming requests on http address: :8081"}
{"level":"INFO","timestamp":"2019-03-07 14:29:23.145","file":"ch03/main.go:50","msg":"The router has been deployed successfully."}
{"level":"INFO","timestamp":"2019-03-07 14:30:34.260","file":"ch03/main.go:52","msg":"Start to listening the incoming requests on http address: :8081"}
{"level":"INFO","timestamp":"2019-03-07 14:30:34.261","file":"ch03/main.go:50","msg":"The router has been deployed successfully."}
{"level":"INFO","timestamp":"2019-03-08 16:10:34.874","file":"ch04/main.go:57","msg":"Start to listening the incoming requests on http address: :8081"}
{"level":"INFO","timestamp":"2019-03-08 16:10:34.875","file":"ch04/main.go:26","msg":"Waiting for the router, retry in 1 second."}
{"level":"INFO","timestamp":"2019-03-08 16:10:35.878","file":"ch04/main.go:55","msg":"The router has been deployed successfully."}
{"level":"INFO","timestamp":"2019-03-08 16:10:58.134","file":"ch04/main.go:57","msg":"Start to listening the incoming requests on http address: :8081"}
{"level":"INFO","timestamp":"2019-03-08 16:10:58.135","file":"ch04/main.go:55","msg":"The router has been deployed successfully."}
{"level":"INFO","timestamp":"2019-03-08 16:11:43.965","file":"ch04/main.go:57","msg":"Start to listening the incoming requests on http address: :8081"}
{"level":"INFO","timestamp":"2019-03-08 16:11:43.966","file":"ch04/main.go:55","msg":"The router has been deployed successfully."}
{"level":"INFO","timestamp":"2019-03-08 17:11:37.104","file":"ch05/main.go:57","msg":"Start to listening the incoming requests on http address: :8081"}
{"level":"INFO","timestamp":"2019-03-08 17:11:37.104","file":"ch05/main.go:26","msg":"Waiting for the router, retry in 1 second."}
{"level":"INFO","timestamp":"2019-03-08 17:11:38.107","file":"ch05/main.go:55","msg":"The router has been deployed successfully."}
{"level":"DEBUG","timestamp":"2019-03-08 17:19:35.835","file":"user/create.go:23","msg":"username is [admin], password is []"}
{"level":"INFO","timestamp":"2019-03-08 18:42:42.029","file":"ch06/main.go:57","msg":"Start to listening the incoming requests on http address: :8081"}
{"level":"INFO","timestamp":"2019-03-08 18:42:42.030","file":"ch06/main.go:26","msg":"Waiting for the router, retry in 1 second."}
{"level":"INFO","timestamp":"2019-03-08 18:42:43.032","file":"ch06/main.go:55","msg":"The router has been deployed successfully."}
{"level":"DEBUG","timestamp":"2019-03-08 18:42:52.705","file":"user/create.go:23","msg":"username is [admin], password is []"}
{"level":"DEBUG","timestamp":"2019-03-08 18:43:10.907","file":"user/create.go:23","msg":"username is [admin], password is [123456]"}
{"level":"ERROR","timestamp":"2019-03-18 14:18:10.641","file":"model/init.go:29","msg":"Database connection failed. Database name: go-rest-demo","data":{"error":"dial tcp 127.18.0.2:3306: connect: connection refused"}}
{"level":"INFO","timestamp":"2019-03-18 14:18:10.643","file":"ch07/main.go:57","msg":"Start to listening the incoming requests on http address: :8081"}
{"level":"INFO","timestamp":"2019-03-18 14:18:10.644","file":"ch07/main.go:55","msg":"The router has been deployed successfully."}
{"level":"ERROR","timestamp":"2019-03-18 14:22:02.932","file":"model/init.go:29","msg":"Database connection failed. Database name: go-rest-demo","data":{"error":"dial tcp 127.18.0.2:3306: connect: connection refused"}}
{"level":"INFO","timestamp":"2019-03-18 14:22:02.932","file":"ch07/main.go:57","msg":"Start to listening the incoming requests on http address: :8081"}
{"level":"INFO","timestamp":"2019-03-18 14:22:02.933","file":"ch07/main.go:26","msg":"Waiting for the router, retry in 1 second."}
{"level":"INFO","timestamp":"2019-03-18 14:22:03.934","file":"ch07/main.go:26","msg":"Waiting for the router, retry in 1 second."}
{"level":"INFO","timestamp":"2019-03-18 14:22:04.935","file":"ch07/main.go:26","msg":"Waiting for the router, retry in 1 second."}
{"level":"INFO","timestamp":"2019-03-18 14:22:05.935","file":"ch07/main.go:26","msg":"Waiting for the router, retry in 1 second."}
{"level":"INFO","timestamp":"2019-03-18 14:22:06.937","file":"ch07/main.go:26","msg":"Waiting for the router, retry in 1 second."}
{"level":"INFO","timestamp":"2019-03-18 14:22:07.938","file":"ch07/main.go:26","msg":"Waiting for the router, retry in 1 second."}
{"level":"INFO","timestamp":"2019-03-18 14:22:08.939","file":"ch07/main.go:26","msg":"Waiting for the router, retry in 1 second."}
{"level":"INFO","timestamp":"2019-03-18 14:22:09.940","file":"ch07/main.go:26","msg":"Waiting for the router, retry in 1 second."}
{"level":"INFO","timestamp":"2019-03-18 14:22:10.941","file":"ch07/main.go:26","msg":"Waiting for the router, retry in 1 second."}
{"level":"INFO","timestamp":"2019-03-18 14:22:11.942","file":"ch07/main.go:26","msg":"Waiting for the router, retry in 1 second."}
{"level":"FATAL","timestamp":"2019-03-18 14:22:12.943","file":"ch07/main.go:53","msg":"The router has no response, or it might took too long to start up.","data":{"error":"Cannot connect to the router.","trace":"goroutine 42 [running]:\ngithub.com/lexkong/log/lager.(*logger).logs(0xc00032a660, 0xc0001d2540, 0x2, 0x2, 0x4, 0xc64863, 0x42, 0xd2e360, 0xc0001d4770, 0x0, ...)\n\t/home/littlesqx/develop/go/src/github.com/lexkong/log/lager/logger.go:135 +0x87b\ngithub.com/lexkong/log/lager.(*logger).log(0xc00032a660, 0x4, 0xc64863, 0x42, 0xd2e360, 0xc0001d4770, 0x0, 0x0, 0x0)\n\t/home/littlesqx/develop/go/src/github.com/lexkong/log/lager/logger.go:123 +0xd9\ngithub.com/lexkong/log/lager.(*logger).Fatal(0xc00032a660, 0xc64863, 0x42, 0xd2e360, 0xc0001d4770, 0x0, 0x0, 0x0)\n\t/home/littlesqx/develop/go/src/github.com/lexkong/log/lager/logger.go:197 +0x83\ngithub.com/lexkong/log.Fatal(0xc64863, 0x42, 0xd2e360, 0xc0001d4770, 0x0, 0x0, 0x0)\n\t/home/littlesqx/develop/go/src/github.com/lexkong/log/st_lager.go:162 +0x7e\nmain.main.func1()\n\t/home/littlesqx/develop/git/coding/go/go-rest-api/ch07/main.go:53 +0x9c\ncreated by main.main\n\t/home/littlesqx/develop/git/coding/go/go-rest-api/ch07/main.go:51 +0x148\n"}}
{"level":"ERROR","timestamp":"2019-03-18 14:23:13.737","file":"model/init.go:29","msg":"Database connection failed. Database name: go-rest-demo","data":{"error":"dial tcp 127.18.0.2:3306: connect: connection refused"}}
{"level":"INFO","timestamp":"2019-03-18 14:23:13.737","file":"ch07/main.go:57","msg":"Start to listening the incoming requests on http address: :8081"}
{"level":"INFO","timestamp":"2019-03-18 14:23:13.738","file":"ch07/main.go:26","msg":"Waiting for the router, retry in 1 second."}
{"level":"INFO","timestamp":"2019-03-18 14:23:14.739","file":"ch07/main.go:26","msg":"Waiting for the router, retry in 1 second."}
{"level":"INFO","timestamp":"2019-03-18 14:23:15.740","file":"ch07/main.go:26","msg":"Waiting for the router, retry in 1 second."}
{"level":"INFO","timestamp":"2019-03-18 14:23:16.741","file":"ch07/main.go:26","msg":"Waiting for the router, retry in 1 second."}
{"level":"INFO","timestamp":"2019-03-18 14:23:17.742","file":"ch07/main.go:26","msg":"Waiting for the router, retry in 1 second."}
{"level":"INFO","timestamp":"2019-03-18 14:23:18.743","file":"ch07/main.go:26","msg":"Waiting for the router, retry in 1 second."}
{"level":"INFO","timestamp":"2019-03-18 14:23:19.744","file":"ch07/main.go:26","msg":"Waiting for the router, retry in 1 second."}
{"level":"INFO","timestamp":"2019-03-18 14:23:20.745","file":"ch07/main.go:26","msg":"Waiting for the router, retry in 1 second."}
{"level":"INFO","timestamp":"2019-03-18 14:23:21.746","file":"ch07/main.go:26","msg":"Waiting for the router, retry in 1 second."}
{"level":"INFO","timestamp":"2019-03-18 14:23:22.747","file":"ch07/main.go:26","msg":"Waiting for the router, retry in 1 second."}
{"level":"FATAL","timestamp":"2019-03-18 14:23:23.748","file":"ch07/main.go:53","msg":"The router has no response, or it might took too long to start up.","data":{"error":"Cannot connect to the router.","trace":"goroutine 26 [running]:\ngithub.com/lexkong/log/lager.(*logger).logs(0xc00030a5a0, 0xc00000df20, 0x2, 0x2, 0x4, 0xc64863, 0x42, 0xd2e360, 0xc000194ea0, 0x0, ...)\n\t/home/littlesqx/develop/go/src/github.com/lexkong/log/lager/logger.go:135 +0x87b\ngithub.com/lexkong/log/lager.(*logger).log(0xc00030a5a0, 0x4, 0xc64863, 0x42, 0xd2e360, 0xc000194ea0, 0x0, 0x0, 0x0)\n\t/home/littlesqx/develop/go/src/github.com/lexkong/log/lager/logger.go:123 +0xd9\ngithub.com/lexkong/log/lager.(*logger).Fatal(0xc00030a5a0, 0xc64863, 0x42, 0xd2e360, 0xc000194ea0, 0x0, 0x0, 0x0)\n\t/home/littlesqx/develop/go/src/github.com/lexkong/log/lager/logger.go:197 +0x83\ngithub.com/lexkong/log.Fatal(0xc64863, 0x42, 0xd2e360, 0xc000194ea0, 0x0, 0x0, 0x0)\n\t/home/littlesqx/develop/go/src/github.com/lexkong/log/st_lager.go:162 +0x7e\nmain.main.func1()\n\t/home/littlesqx/develop/git/coding/go/go-rest-api/ch07/main.go:53 +0x9c\ncreated by main.main\n\t/home/littlesqx/develop/git/coding/go/go-rest-api/ch07/main.go:51 +0x148\n"}}
{"level":"ERROR","timestamp":"2019-03-18 14:23:42.784","file":"model/init.go:29","msg":"Database connection failed. Database name: go-rest-demo","data":{"error":"dial tcp 127.18.0.2:3306: connect: connection refused"}}
{"level":"INFO","timestamp":"2019-03-18 14:23:42.784","file":"ch07/main.go:57","msg":"Start to listening the incoming requests on http address: :8081"}
{"level":"INFO","timestamp":"2019-03-18 14:23:42.784","file":"ch07/main.go:26","msg":"Waiting for the router, retry in 1 second."}
{"level":"INFO","timestamp":"2019-03-18 14:23:43.785","file":"ch07/main.go:26","msg":"Waiting for the router, retry in 1 second."}
{"level":"INFO","timestamp":"2019-03-18 14:23:44.786","file":"ch07/main.go:26","msg":"Waiting for the router, retry in 1 second."}
{"level":"INFO","timestamp":"2019-03-18 14:23:45.787","file":"ch07/main.go:26","msg":"Waiting for the router, retry in 1 second."}
{"level":"INFO","timestamp":"2019-03-18 14:23:46.788","file":"ch07/main.go:26","msg":"Waiting for the router, retry in 1 second."}
{"level":"INFO","timestamp":"2019-03-18 14:23:47.789","file":"ch07/main.go:26","msg":"Waiting for the router, retry in 1 second."}
{"level":"INFO","timestamp":"2019-03-18 14:23:48.790","file":"ch07/main.go:26","msg":"Waiting for the router, retry in 1 second."}
{"level":"INFO","timestamp":"2019-03-18 14:23:49.791","file":"ch07/main.go:26","msg":"Waiting for the router, retry in 1 second."}
{"level":"INFO","timestamp":"2019-03-18 14:23:50.792","file":"ch07/main.go:26","msg":"Waiting for the router, retry in 1 second."}
{"level":"INFO","timestamp":"2019-03-18 14:23:51.793","file":"ch07/main.go:26","msg":"Waiting for the router, retry in 1 second."}
{"level":"FATAL","timestamp":"2019-03-18 14:23:52.794","file":"ch07/main.go:53","msg":"The router has no response, or it might took too long to start up.","data":{"error":"Cannot connect to the router.","trace":"goroutine 66 [running]:\ngithub.com/lexkong/log/lager.(*logger).logs(0xc000318780, 0xc000428220, 0x2, 0x2, 0x4, 0xc64863, 0x42, 0xd2e360, 0xc0001c1310, 0x0, ...)\n\t/home/littlesqx/develop/go/src/github.com/lexkong/log/lager/logger.go:135 +0x87b\ngithub.com/lexkong/log/lager.(*logger).log(0xc000318780, 0x4, 0xc64863, 0x42, 0xd2e360, 0xc0001c1310, 0x0, 0x0, 0x0)\n\t/home/littlesqx/develop/go/src/github.com/lexkong/log/lager/logger.go:123 +0xd9\ngithub.com/lexkong/log/lager.(*logger).Fatal(0xc000318780, 0xc64863, 0x42, 0xd2e360, 0xc0001c1310, 0x0, 0x0, 0x0)\n\t/home/littlesqx/develop/go/src/github.com/lexkong/log/lager/logger.go:197 +0x83\ngithub.com/lexkong/log.Fatal(0xc64863, 0x42, 0xd2e360, 0xc0001c1310, 0x0, 0x0, 0x0)\n\t/home/littlesqx/develop/go/src/github.com/lexkong/log/st_lager.go:162 +0x7e\nmain.main.func1()\n\t/home/littlesqx/develop/git/coding/go/go-rest-api/ch07/main.go:53 +0x9c\ncreated by main.main\n\t/home/littlesqx/develop/git/coding/go/go-rest-api/ch07/main.go:51 +0x148\n"}}
{"level":"ERROR","timestamp":"2019-03-18 14:25:53.700","file":"model/init.go:29","msg":"Database connection failed. Database name: go-rest-demo","data":{"error":"dial tcp 127.18.0.2:3306: connect: connection refused"}}
{"level":"INFO","timestamp":"2019-03-18 14:25:53.700","file":"ch07/main.go:57","msg":"Start to listening the incoming requests on http address: :8081"}
{"level":"INFO","timestamp":"2019-03-18 14:25:53.700","file":"ch07/main.go:26","msg":"Waiting for the router, retry in 1 second."}
{"level":"INFO","timestamp":"2019-03-18 14:25:54.701","file":"ch07/main.go:26","msg":"Waiting for the router, retry in 1 second."}
{"level":"INFO","timestamp":"2019-03-18 14:25:55.702","file":"ch07/main.go:26","msg":"Waiting for the router, retry in 1 second."}
{"level":"INFO","timestamp":"2019-03-18 14:25:56.703","file":"ch07/main.go:26","msg":"Waiting for the router, retry in 1 second."}
{"level":"INFO","timestamp":"2019-03-18 14:25:57.704","file":"ch07/main.go:26","msg":"Waiting for the router, retry in 1 second."}
{"level":"INFO","timestamp":"2019-03-18 14:25:58.705","file":"ch07/main.go:26","msg":"Waiting for the router, retry in 1 second."}
{"level":"INFO","timestamp":"2019-03-18 14:25:59.706","file":"ch07/main.go:26","msg":"Waiting for the router, retry in 1 second."}
{"level":"INFO","timestamp":"2019-03-18 14:26:00.708","file":"ch07/main.go:26","msg":"Waiting for the router, retry in 1 second."}
{"level":"INFO","timestamp":"2019-03-18 14:26:01.709","file":"ch07/main.go:26","msg":"Waiting for the router, retry in 1 second."}
{"level":"INFO","timestamp":"2019-03-18 14:26:02.710","file":"ch07/main.go:26","msg":"Waiting for the router, retry in 1 second."}
{"level":"FATAL","timestamp":"2019-03-18 14:26:03.710","file":"ch07/main.go:53","msg":"The router has no response, or it might took too long to start up.","data":{"error":"Cannot connect to the router.","trace":"goroutine 26 [running]:\ngithub.com/lexkong/log/lager.(*logger).logs(0xc0002fe660, 0xc00000de60, 0x2, 0x2, 0x4, 0xc64863, 0x42, 0xd2e360, 0xc000194d80, 0x0, ...)\n\t/home/littlesqx/develop/go/src/github.com/lexkong/log/lager/logger.go:135 +0x87b\ngithub.com/lexkong/log/lager.(*logger).log(0xc0002fe660, 0x4, 0xc64863, 0x42, 0xd2e360, 0xc000194d80, 0x0, 0x0, 0x0)\n\t/home/littlesqx/develop/go/src/github.com/lexkong/log/lager/logger.go:123 +0xd9\ngithub.com/lexkong/log/lager.(*logger).Fatal(0xc0002fe660, 0xc64863, 0x42, 0xd2e360, 0xc000194d80, 0x0, 0x0, 0x0)\n\t/home/littlesqx/develop/go/src/github.com/lexkong/log/lager/logger.go:197 +0x83\ngithub.com/lexkong/log.Fatal(0xc64863, 0x42, 0xd2e360, 0xc000194d80, 0x0, 0x0, 0x0)\n\t/home/littlesqx/develop/go/src/github.com/lexkong/log/st_lager.go:162 +0x7e\nmain.main.func1()\n\t/home/littlesqx/develop/git/coding/go/go-rest-api/ch07/main.go:53 +0x9c\ncreated by main.main\n\t/home/littlesqx/develop/git/coding/go/go-rest-api/ch07/main.go:51 +0x148\n"}}
{"level":"ERROR","timestamp":"2019-03-18 14:30:00.019","file":"model/init.go:29","msg":"Database connection failed. Database name: go-rest-demo","data":{"error":"dial tcp 127.18.0.2:3306: connect: connection refused"}}
{"level":"INFO","timestamp":"2019-03-18 14:30:00.020","file":"ch07/main.go:57","msg":"Start to listening the incoming requests on http address: :8081"}
{"level":"INFO","timestamp":"2019-03-18 14:30:00.020","file":"ch07/main.go:26","msg":"Waiting for the router, retry in 1 second."}
{"level":"INFO","timestamp":"2019-03-18 14:30:01.021","file":"ch07/main.go:26","msg":"Waiting for the router, retry in 1 second."}
{"level":"INFO","timestamp":"2019-03-18 14:30:02.022","file":"ch07/main.go:26","msg":"Waiting for the router, retry in 1 second."}
{"level":"INFO","timestamp":"2019-03-18 14:30:03.022","file":"ch07/main.go:26","msg":"Waiting for the router, retry in 1 second."}
{"level":"INFO","timestamp":"2019-03-18 14:30:04.023","file":"ch07/main.go:26","msg":"Waiting for the router, retry in 1 second."}
{"level":"INFO","timestamp":"2019-03-18 14:30:05.024","file":"ch07/main.go:26","msg":"Waiting for the router, retry in 1 second."}
{"level":"INFO","timestamp":"2019-03-18 14:30:05.404","file":"user/create.go:21","msg":"URL username: "}
{"level":"INFO","timestamp":"2019-03-18 14:30:05.404","file":"user/create.go:24","msg":"URL key param desc: "}
{"level":"INFO","timestamp":"2019-03-18 14:30:05.404","file":"user/create.go:27","msg":"Header Content-Type: application/json"}
{"level":"DEBUG","timestamp":"2019-03-18 14:30:05.404","file":"user/create.go:30","msg":"username is [admin], password is [123456]"}
{"level":"INFO","timestamp":"2019-03-18 14:30:06.025","file":"ch07/main.go:26","msg":"Waiting for the router, retry in 1 second."}
{"level":"INFO","timestamp":"2019-03-18 14:30:07.026","file":"ch07/main.go:26","msg":"Waiting for the router, retry in 1 second."}
{"level":"INFO","timestamp":"2019-03-18 14:30:08.027","file":"ch07/main.go:26","msg":"Waiting for the router, retry in 1 second."}
{"level":"INFO","timestamp":"2019-03-18 14:30:09.028","file":"ch07/main.go:26","msg":"Waiting for the router, retry in 1 second."}
{"level":"FATAL","timestamp":"2019-03-18 14:30:10.029","file":"ch07/main.go:53","msg":"The router has no response, or it might took too long to start up.","data":{"error":"Cannot connect to the router.","trace":"goroutine 28 [running]:\ngithub.com/lexkong/log/lager.(*logger).logs(0xc0002ad1a0, 0xc00039e1c0, 0x2, 0x2, 0x4, 0xc64863, 0x42, 0xd2e360, 0xc00038e230, 0x0, ...)\n\t/home/littlesqx/develop/go/src/github.com/lexkong/log/lager/logger.go:135 +0x87b\ngithub.com/lexkong/log/lager.(*logger).log(0xc0002ad1a0, 0x4, 0xc64863, 0x42, 0xd2e360, 0xc00038e230, 0x0, 0x0, 0x0)\n\t/home/littlesqx/develop/go/src/github.com/lexkong/log/lager/logger.go:123 +0xd9\ngithub.com/lexkong/log/lager.(*logger).Fatal(0xc0002ad1a0, 0xc64863, 0x42, 0xd2e360, 0xc00038e230, 0x0, 0x0, 0x0)\n\t/home/littlesqx/develop/go/src/github.com/lexkong/log/lager/logger.go:197 +0x83\ngithub.com/lexkong/log.Fatal(0xc64863, 0x42, 0xd2e360, 0xc00038e230, 0x0, 0x0, 0x0)\n\t/home/littlesqx/develop/go/src/github.com/lexkong/log/st_lager.go:162 +0x7e\nmain.main.func1()\n\t/home/littlesqx/develop/git/coding/go/go-rest-api/ch07/main.go:53 +0x9c\ncreated by main.main\n\t/home/littlesqx/develop/git/coding/go/go-rest-api/ch07/main.go:51 +0x148\n"}}
{"level":"ERROR","timestamp":"2019-03-19 10:44:28.782","file":"model/init.go:29","msg":"Database connection failed. Database name: go-rest-demo","data":{"error":"dial tcp 127.18.0.2:3306: connect: connection refused"}}
{"level":"INFO","timestamp":"2019-03-19 10:44:28.783","file":"ch07/main.go:57","msg":"Start to listening the incoming requests on http address: :8081"}
{"level":"INFO","timestamp":"2019-03-19 10:44:28.783","file":"ch07/main.go:26","msg":"Waiting for the router, retry in 1 second."}
{"level":"INFO","timestamp":"2019-03-19 10:44:29.784","file":"ch07/main.go:26","msg":"Waiting for the router, retry in 1 second."}
{"level":"INFO","timestamp":"2019-03-19 10:44:30.785","file":"ch07/main.go:26","msg":"Waiting for the router, retry in 1 second."}
{"level":"INFO","timestamp":"2019-03-19 10:44:31.786","file":"ch07/main.go:26","msg":"Waiting for the router, retry in 1 second."}
{"level":"INFO","timestamp":"2019-03-19 10:44:32.787","file":"ch07/main.go:26","msg":"Waiting for the router, retry in 1 second."}
{"level":"INFO","timestamp":"2019-03-19 10:44:33.788","file":"ch07/main.go:26","msg":"Waiting for the router, retry in 1 second."}
{"level":"INFO","timestamp":"2019-03-19 10:44:34.789","file":"ch07/main.go:26","msg":"Waiting for the router, retry in 1 second."}
{"level":"INFO","timestamp":"2019-03-19 10:44:35.790","file":"ch07/main.go:26","msg":"Waiting for the router, retry in 1 second."}
{"level":"INFO","timestamp":"2019-03-19 10:44:36.791","file":"ch07/main.go:26","msg":"Waiting for the router, retry in 1 second."}
{"level":"INFO","timestamp":"2019-03-19 10:44:37.792","file":"ch07/main.go:26","msg":"Waiting for the router, retry in 1 second."}
{"level":"FATAL","timestamp":"2019-03-19 10:44:38.793","file":"ch07/main.go:53","msg":"The router has no response, or it might took too long to start up.","data":{"error":"Cannot connect to the router.","trace":"goroutine 42 [running]:\ngithub.com/lexkong/log/lager.(*logger).logs(0xc00033b740, 0xc0001be1c0, 0x2, 0x2, 0x4, 0xc9ae91, 0x42, 0xd688a0, 0xc0001b8460, 0x0, ...)\n\t/home/littlesqx/develop/go/src/github.com/lexkong/log/lager/logger.go:135 +0x87b\ngithub.com/lexkong/log/lager.(*logger).log(0xc00033b740, 0x4, 0xc9ae91, 0x42, 0xd688a0, 0xc0001b8460, 0x0, 0x0, 0x0)\n\t/home/littlesqx/develop/go/src/github.com/lexkong/log/lager/logger.go:123 +0xd9\ngithub.com/lexkong/log/lager.(*logger).Fatal(0xc00033b740, 0xc9ae91, 0x42, 0xd688a0, 0xc0001b8460, 0x0, 0x0, 0x0)\n\t/home/littlesqx/develop/go/src/github.com/lexkong/log/lager/logger.go:197 +0x83\ngithub.com/lexkong/log.Fatal(0xc9ae91, 0x42, 0xd688a0, 0xc0001b8460, 0x0, 0x0, 0x0)\n\t/home/littlesqx/develop/go/src/github.com/lexkong/log/st_lager.go:162 +0x7e\nmain.main.func1()\n\t/home/littlesqx/develop/git/coding/go/go-rest-api/ch07/main.go:53 +0x9c\ncreated by main.main\n\t/home/littlesqx/develop/git/coding/go/go-rest-api/ch07/main.go:51 +0x148\n"}}
{"level":"ERROR","timestamp":"2019-03-19 10:45:01.225","file":"model/init.go:29","msg":"Database connection failed. Database name: go-rest-demo","data":{"error":"dial tcp 127.18.0.2:3306: connect: connection refused"}}
{"level":"INFO","timestamp":"2019-03-19 10:45:01.225","file":"ch07/main.go:57","msg":"Start to listening the incoming requests on http address: :8081"}
{"level":"INFO","timestamp":"2019-03-19 10:45:01.226","file":"ch07/main.go:55","msg":"The router has been deployed successfully."}
{"level":"INFO","timestamp":"2019-03-19 10:45:47.509","file":"ch07/main.go:57","msg":"Start to listening the incoming requests on http address: :8081"}
{"level":"INFO","timestamp":"2019-03-19 10:45:47.509","file":"ch07/main.go:26","msg":"Waiting for the router, retry in 1 second."}
{"level":"INFO","timestamp":"2019-03-19 10:45:48.511","file":"ch07/main.go:55","msg":"The router has been deployed successfully."}
{"level":"INFO","timestamp":"2019-03-19 10:46:33.618","file":"user/create.go:14","msg":"User Create function called.","data":{"X-Request-Id":""}}
{"level":"INFO","timestamp":"2019-03-19 10:48:24.790","file":"ch07/main.go:57","msg":"Start to listening the incoming requests on http address: :8081"}
{"level":"INFO","timestamp":"2019-03-19 10:48:24.790","file":"ch07/main.go:55","msg":"The router has been deployed successfully."}
{"level":"INFO","timestamp":"2019-03-19 10:52:29.010","file":"ch07/main.go:57","msg":"Start to listening the incoming requests on http address: :8081"}
{"level":"INFO","timestamp":"2019-03-19 10:52:29.010","file":"ch07/main.go:26","msg":"Waiting for the router, retry in 1 second."}
{"level":"INFO","timestamp":"2019-03-19 10:52:30.012","file":"ch07/main.go:55","msg":"The router has been deployed successfully."}
{"level":"INFO","timestamp":"2019-03-19 10:54:12.589","file":"ch07/main.go:57","msg":"Start to listening the incoming requests on http address: :8081"}
{"level":"INFO","timestamp":"2019-03-19 10:54:12.591","file":"ch07/main.go:55","msg":"The router has been deployed successfully."}
{"level":"INFO","timestamp":"2019-03-19 10:58:48.199","file":"ch07/main.go:57","msg":"Start to listening the incoming requests on http address: :8081"}
{"level":"INFO","timestamp":"2019-03-19 10:58:48.200","file":"ch07/main.go:26","msg":"Waiting for the router, retry in 1 second."}
{"level":"INFO","timestamp":"2019-03-19 10:58:49.202","file":"ch07/main.go:55","msg":"The router has been deployed successfully."}
{"level":"INFO","timestamp":"2019-03-19 10:59:06.814","file":"ch07/main.go:57","msg":"Start to listening the incoming requests on http address: :8081"}
{"level":"INFO","timestamp":"2019-03-19 10:59:06.814","file":"ch07/main.go:55","msg":"The router has been deployed successfully."}
{"level":"INFO","timestamp":"2019-03-19 10:59:37.088","file":"ch07/main.go:57","msg":"Start to listening the incoming requests on http address: :8081"}
{"level":"INFO","timestamp":"2019-03-19 10:59:37.089","file":"ch07/main.go:55","msg":"The router has been deployed successfully."}
{"level":"INFO","timestamp":"2019-03-19 11:03:26.979","file":"ch07/main.go:57","msg":"Start to listening the incoming requests on http address: :8081"}
{"level":"INFO","timestamp":"2019-03-19 11:03:26.980","file":"ch07/main.go:26","msg":"Waiting for the router, retry in 1 second."}
{"level":"INFO","timestamp":"2019-03-19 11:03:27.981","file":"ch07/main.go:55","msg":"The router has been deployed successfully."}
{"level":"INFO","timestamp":"2019-03-19 11:06:07.409","file":"user/create.go:14","msg":"User Create function called.","data":{"X-Request-Id":""}}
{"level":"INFO","timestamp":"2019-03-19 11:07:35.071","file":"user/update.go:15","msg":"Update function called.","data":{"X-Request-Id":""}}
{"level":"INFO","timestamp":"2019-03-19 11:29:45.864","file":"ch08/main.go:60","msg":"Start to listening the incoming requests on http address: :8081"}
{"level":"INFO","timestamp":"2019-03-19 11:29:45.864","file":"ch08/main.go:58","msg":"The router has been deployed successfully."}
{"level":"INFO","timestamp":"2019-03-19 11:45:50.909","file":"ch08/main.go:60","msg":"Start to listening the incoming requests on http address: :8081"}
{"level":"INFO","timestamp":"2019-03-19 11:45:50.910","file":"ch08/main.go:58","msg":"The router has been deployed successfully."}
{"level":"INFO","timestamp":"2019-03-19 11:46:09.262","file":"user/list.go:14","msg":"User List function called.","data":{"X-Request-Id":""}}
{"level":"INFO","timestamp":"2019-03-19 11:47:01.285","file":"ch08/main.go:60","msg":"Start to listening the incoming requests on http address: :8081"}
{"level":"INFO","timestamp":"2019-03-19 11:47:01.286","file":"ch08/main.go:58","msg":"The router has been deployed successfully."}
{"level":"INFO","timestamp":"2019-03-19 11:47:37.436","file":"ch08/main.go:60","msg":"Start to listening the incoming requests on http address: :8081"}
{"level":"INFO","timestamp":"2019-03-19 11:47:37.436","file":"ch08/main.go:58","msg":"The router has been deployed successfully."}
{"level":"INFO","timestamp":"2019-03-19 11:47:58.864","file":"ch08/main.go:60","msg":"Start to listening the incoming requests on http address: :8081"}
{"level":"INFO","timestamp":"2019-03-19 11:47:58.865","file":"ch08/main.go:27","msg":"Waiting for the router, retry in 1 second."}
{"level":"INFO","timestamp":"2019-03-19 11:47:59.866","file":"ch08/main.go:58","msg":"The router has been deployed successfully."}
{"level":"INFO","timestamp":"2019-03-19 11:48:14.450","file":"ch08/main.go:60","msg":"Start to listening the incoming requests on http address: :8081"}
{"level":"INFO","timestamp":"2019-03-19 11:48:14.451","file":"ch08/main.go:58","msg":"The router has been deployed successfully."}
{"level":"INFO","timestamp":"2019-03-19 11:48:24.396","file":"user/list.go:14","msg":"User List function called.","data":{"X-Request-Id":"95fc6dbc-9a73-4f9e-a1e2-0a02e4680787"}}
{"level":"INFO","timestamp":"2019-03-19 11:48:31.142","file":"user/list.go:14","msg":"User List function called.","data":{"X-Request-Id":"d2fab9d3-72a9-45fa-b83f-db56007b030c"}}
{"level":"INFO","timestamp":"2019-03-19 11:48:46.424","file":"user/list.go:14","msg":"User List function called.","data":{"X-Request-Id":"afd86eae-5f96-416d-be77-f738b78ec065"}}
{"level":"INFO","timestamp":"2019-03-19 11:48:51.881","file":"user/list.go:14","msg":"User List function called.","data":{"X-Request-Id":"9fb74ae6-30c4-456a-b646-ba15f595d7fe"}}
{"level":"INFO","timestamp":"2019-03-19 11:48:52.041","file":"user/list.go:14","msg":"User List function called.","data":{"X-Request-Id":"80bf5bc0-aa89-4a36-a0a7-b2fa621e5cb8"}}
{"level":"INFO","timestamp":"2019-03-19 11:48:52.216","file":"user/list.go:14","msg":"User List function called.","data":{"X-Request-Id":"2b7cbe63-e211-424a-85df-e3f933a78b98"}}
{"level":"INFO","timestamp":"2019-03-19 11:48:58.769","file":"user/list.go:14","msg":"User List function called.","data":{"X-Request-Id":"5046ab57-2de0-4fc0-9b27-eadacf74377d"}}
{"level":"INFO","timestamp":"2019-03-19 11:49:14.612","file":"user/list.go:14","msg":"User List function called.","data":{"X-Request-Id":"cb2185bd-bcf7-4002-9e9d-98df8bde6064"}}
{"level":"INFO","timestamp":"2019-03-20 17:25:48.842","file":"ch09/main.go:60","msg":"Start to listening the incoming requests on http address: :8081"}
{"level":"INFO","timestamp":"2019-03-20 17:25:48.846","file":"ch09/main.go:58","msg":"The router has been deployed successfully."}
{"level":"INFO","timestamp":"2019-03-20 17:27:41.471","file":"user/list.go:14","msg":"User List function called.","data":{"X-Request-Id":"dd7153a7-0d46-45e0-b45c-af817b48dec1"}}
{"level":"INFO","timestamp":"2019-03-21 10:40:14.556","file":"ch10/main.go:70","msg":"Start to listening the incoming requests on http address: :8081"}
{"level":"INFO","timestamp":"2019-03-21 10:40:14.556","file":"ch10/main.go:66","msg":"Start to listening the incoming requests on https address: :8081"}
{"level":"INFO","timestamp":"2019-03-21 10:40:14.557","file":"ch10/main.go:67","msg":"listen tcp :8081: bind: address already in use"}
{"level":"INFO","timestamp":"2019-03-21 10:40:14.557","file":"ch10/main.go:58","msg":"The router has been deployed successfully."}
{"level":"INFO","timestamp":"2019-03-21 10:44:00.022","file":"user/list.go:14","msg":"User List function called.","data":{"X-Request-Id":"f2922aba-06c6-4ff0-9689-d6a2c9e78578"}}
{"level":"INFO","timestamp":"2019-03-22 16:27:51.188","file":"user/list.go:14","msg":"User List function called.","data":{"X-Request-Id":"309315c6-c0f0-4a57-812d-d16a03204a93"}}
{"level":"INFO","timestamp":"2019-03-22 16:30:41.110","file":"ch10/main.go:70","msg":"Start to listening the incoming requests on http address: :8081"}
{"level":"INFO","timestamp":"2019-03-22 16:30:41.110","file":"ch10/main.go:66","msg":"Start to listening the incoming requests on https address: :8081"}
{"level":"INFO","timestamp":"2019-03-22 16:30:41.110","file":"ch10/main.go:67","msg":"listen tcp :8081: bind: address already in use"}
{"level":"INFO","timestamp":"2019-03-22 16:30:41.111","file":"ch10/main.go:58","msg":"The router has been deployed successfully."}
{"level":"INFO","timestamp":"2019-03-22 17:12:40.764","file":"ch10/main.go:70","msg":"Start to listening the incoming requests on http address: :8081"}
{"level":"INFO","timestamp":"2019-03-22 17:12:40.764","file":"ch10/main.go:66","msg":"Start to listening the incoming requests on https address: :8081"}
{"level":"INFO","timestamp":"2019-03-22 17:12:40.765","file":"ch10/main.go:67","msg":"listen tcp :8081: bind: address already in use"}
{"level":"INFO","timestamp":"2019-03-22 17:12:40.765","file":"ch10/main.go:58","msg":"The router has been deployed successfully."}
